<?xml version="1.0" encoding="UTF-8"?>
<testsuite xmlns:xsi="http://www.w3.org/2001/XMLSchema-instance" xsi:noNamespaceSchemaLocation="https://maven.apache.org/surefire/maven-surefire-plugin/xsd/surefire-test-report.xsd" name="MyTest" time="0.029" tests="21" errors="0" skipped="0" failures="0">
  <properties>
    <property name="java.specification.version" value="21"/>
    <property name="sun.jnu.encoding" value="UTF-8"/>
    <property name="java.class.path" value="/Users/AlexBernatowicz/Desktop/CS 342/Projects/JavaFX_Project2_Fall23/target/test-classes:/Users/AlexBernatowicz/Desktop/CS 342/Projects/JavaFX_Project2_Fall23/target/classes:/Users/AlexBernatowicz/.m2/repository/org/junit/jupiter/junit-jupiter/5.9.1/junit-jupiter-5.9.1.jar:/Users/AlexBernatowicz/.m2/repository/org/junit/jupiter/junit-jupiter-api/5.9.1/junit-jupiter-api-5.9.1.jar:/Users/AlexBernatowicz/.m2/repository/org/opentest4j/opentest4j/1.2.0/opentest4j-1.2.0.jar:/Users/AlexBernatowicz/.m2/repository/org/junit/platform/junit-platform-commons/1.9.1/junit-platform-commons-1.9.1.jar:/Users/AlexBernatowicz/.m2/repository/org/apiguardian/apiguardian-api/1.1.2/apiguardian-api-1.1.2.jar:/Users/AlexBernatowicz/.m2/repository/org/junit/jupiter/junit-jupiter-params/5.9.1/junit-jupiter-params-5.9.1.jar:/Users/AlexBernatowicz/.m2/repository/org/junit/jupiter/junit-jupiter-engine/5.9.1/junit-jupiter-engine-5.9.1.jar:/Users/AlexBernatowicz/.m2/repository/org/junit/platform/junit-platform-engine/1.9.1/junit-platform-engine-1.9.1.jar:/Users/AlexBernatowicz/.m2/repository/org/openjfx/javafx-controls/19.0.2.1/javafx-controls-19.0.2.1.jar:/Users/AlexBernatowicz/.m2/repository/org/openjfx/javafx-controls/19.0.2.1/javafx-controls-19.0.2.1-mac-aarch64.jar:/Users/AlexBernatowicz/.m2/repository/org/openjfx/javafx-graphics/19.0.2.1/javafx-graphics-19.0.2.1.jar:/Users/AlexBernatowicz/.m2/repository/org/openjfx/javafx-graphics/19.0.2.1/javafx-graphics-19.0.2.1-mac-aarch64.jar:/Users/AlexBernatowicz/.m2/repository/org/openjfx/javafx-base/19.0.2.1/javafx-base-19.0.2.1.jar:/Users/AlexBernatowicz/.m2/repository/org/openjfx/javafx-base/19.0.2.1/javafx-base-19.0.2.1-mac-aarch64.jar:/Users/AlexBernatowicz/.m2/repository/org/openjfx/javafx-fxml/19.0.2.1/javafx-fxml-19.0.2.1.jar:/Users/AlexBernatowicz/.m2/repository/org/openjfx/javafx-fxml/19.0.2.1/javafx-fxml-19.0.2.1-mac-aarch64.jar:"/>
    <property name="java.vm.vendor" value="Homebrew"/>
    <property name="sun.arch.data.model" value="64"/>
    <property name="java.vendor.url" value="https://github.com/Homebrew/homebrew-core/issues"/>
    <property name="os.name" value="Mac OS X"/>
    <property name="java.vm.specification.version" value="21"/>
    <property name="sun.java.launcher" value="SUN_STANDARD"/>
    <property name="user.country" value="US"/>
    <property name="sun.boot.library.path" value="/opt/homebrew/Cellar/openjdk/21/libexec/openjdk.jdk/Contents/Home/lib"/>
    <property name="sun.java.command" value="/Users/AlexBernatowicz/Desktop/CS 342/Projects/JavaFX_Project2_Fall23/target/surefire/surefirebooter7694254729909011403.jar /Users/AlexBernatowicz/Desktop/CS 342/Projects/JavaFX_Project2_Fall23/target/surefire 2023-10-29T18-26-04_206-jvmRun1 surefire3218791205760525929tmp surefire_015325501059692806901tmp"/>
    <property name="http.nonProxyHosts" value="local|*.local|169.254/16|*.169.254/16"/>
    <property name="jdk.debug" value="release"/>
    <property name="surefire.test.class.path" value="/Users/AlexBernatowicz/Desktop/CS 342/Projects/JavaFX_Project2_Fall23/target/test-classes:/Users/AlexBernatowicz/Desktop/CS 342/Projects/JavaFX_Project2_Fall23/target/classes:/Users/AlexBernatowicz/.m2/repository/org/junit/jupiter/junit-jupiter/5.9.1/junit-jupiter-5.9.1.jar:/Users/AlexBernatowicz/.m2/repository/org/junit/jupiter/junit-jupiter-api/5.9.1/junit-jupiter-api-5.9.1.jar:/Users/AlexBernatowicz/.m2/repository/org/opentest4j/opentest4j/1.2.0/opentest4j-1.2.0.jar:/Users/AlexBernatowicz/.m2/repository/org/junit/platform/junit-platform-commons/1.9.1/junit-platform-commons-1.9.1.jar:/Users/AlexBernatowicz/.m2/repository/org/apiguardian/apiguardian-api/1.1.2/apiguardian-api-1.1.2.jar:/Users/AlexBernatowicz/.m2/repository/org/junit/jupiter/junit-jupiter-params/5.9.1/junit-jupiter-params-5.9.1.jar:/Users/AlexBernatowicz/.m2/repository/org/junit/jupiter/junit-jupiter-engine/5.9.1/junit-jupiter-engine-5.9.1.jar:/Users/AlexBernatowicz/.m2/repository/org/junit/platform/junit-platform-engine/1.9.1/junit-platform-engine-1.9.1.jar:/Users/AlexBernatowicz/.m2/repository/org/openjfx/javafx-controls/19.0.2.1/javafx-controls-19.0.2.1.jar:/Users/AlexBernatowicz/.m2/repository/org/openjfx/javafx-controls/19.0.2.1/javafx-controls-19.0.2.1-mac-aarch64.jar:/Users/AlexBernatowicz/.m2/repository/org/openjfx/javafx-graphics/19.0.2.1/javafx-graphics-19.0.2.1.jar:/Users/AlexBernatowicz/.m2/repository/org/openjfx/javafx-graphics/19.0.2.1/javafx-graphics-19.0.2.1-mac-aarch64.jar:/Users/AlexBernatowicz/.m2/repository/org/openjfx/javafx-base/19.0.2.1/javafx-base-19.0.2.1.jar:/Users/AlexBernatowicz/.m2/repository/org/openjfx/javafx-base/19.0.2.1/javafx-base-19.0.2.1-mac-aarch64.jar:/Users/AlexBernatowicz/.m2/repository/org/openjfx/javafx-fxml/19.0.2.1/javafx-fxml-19.0.2.1.jar:/Users/AlexBernatowicz/.m2/repository/org/openjfx/javafx-fxml/19.0.2.1/javafx-fxml-19.0.2.1-mac-aarch64.jar:"/>
    <property name="sun.cpu.endian" value="little"/>
    <property name="user.home" value="/Users/AlexBernatowicz"/>
    <property name="user.language" value="en"/>
    <property name="java.specification.vendor" value="Oracle Corporation"/>
    <property name="java.version.date" value="2023-09-19"/>
    <property name="java.home" value="/opt/homebrew/Cellar/openjdk/21/libexec/openjdk.jdk/Contents/Home"/>
    <property name="file.separator" value="/"/>
    <property name="basedir" value="/Users/AlexBernatowicz/Desktop/CS 342/Projects/JavaFX_Project2_Fall23"/>
    <property name="java.vm.compressedOopsMode" value="Zero based"/>
    <property name="line.separator" value="&#10;"/>
    <property name="java.vm.specification.vendor" value="Oracle Corporation"/>
    <property name="java.specification.name" value="Java Platform API Specification"/>
    <property name="apple.awt.application.name" value="ForkedBooter"/>
    <property name="surefire.real.class.path" value="/Users/AlexBernatowicz/Desktop/CS 342/Projects/JavaFX_Project2_Fall23/target/surefire/surefirebooter7694254729909011403.jar"/>
    <property name="sun.management.compiler" value="HotSpot 64-Bit Tiered Compilers"/>
    <property name="ftp.nonProxyHosts" value="local|*.local|169.254/16|*.169.254/16"/>
    <property name="java.runtime.version" value="21"/>
    <property name="user.name" value="AlexBernatowicz"/>
    <property name="stdout.encoding" value="UTF-8"/>
    <property name="path.separator" value=":"/>
    <property name="os.version" value="14.0"/>
    <property name="java.runtime.name" value="OpenJDK Runtime Environment"/>
    <property name="file.encoding" value="UTF-8"/>
    <property name="java.vm.name" value="OpenJDK 64-Bit Server VM"/>
    <property name="java.vendor.version" value="Homebrew"/>
    <property name="localRepository" value="/Users/AlexBernatowicz/.m2/repository"/>
    <property name="java.vendor.url.bug" value="https://github.com/Homebrew/homebrew-core/issues"/>
    <property name="java.io.tmpdir" value="/var/folders/p5/64yntm4x1018166myccqhyl40000gp/T/"/>
    <property name="java.version" value="21"/>
    <property name="user.dir" value="/Users/AlexBernatowicz/Desktop/CS 342/Projects/JavaFX_Project2_Fall23"/>
    <property name="os.arch" value="aarch64"/>
    <property name="java.vm.specification.name" value="Java Virtual Machine Specification"/>
    <property name="native.encoding" value="UTF-8"/>
    <property name="java.library.path" value="/Users/AlexBernatowicz/Library/Java/Extensions:/Library/Java/Extensions:/Network/Library/Java/Extensions:/System/Library/Java/Extensions:/usr/lib/java:."/>
    <property name="java.vm.info" value="mixed mode, sharing"/>
    <property name="stderr.encoding" value="UTF-8"/>
    <property name="java.vendor" value="Homebrew"/>
    <property name="java.vm.version" value="21"/>
    <property name="sun.io.unicode.encoding" value="UnicodeBig"/>
    <property name="socksNonProxyHosts" value="local|*.local|169.254/16|*.169.254/16"/>
    <property name="java.class.version" value="65.0"/>
  </properties>
  <testcase name="testCardConstructor" classname="MyTest" time="0.009"/>
  <testcase name="generateDeckTest" classname="MyTest" time="0.001"/>
  <testcase name="testEvaluateBankerDrawShouldDraw" classname="MyTest" time="0.001"/>
  <testcase name="testSizeAfterDraw" classname="MyTest" time="0"/>
  <testcase name="testEvaluateWinningsPlayerWins" classname="MyTest" time="0.005"/>
  <testcase name="testEvaluatePlayerDrawShouldNotDraw" classname="MyTest" time="0.001"/>
  <testcase name="testDealHandEmptyDeck" classname="MyTest" time="0"/>
  <testcase name="testHandTotalNoFaceCards" classname="MyTest" time="0"/>
  <testcase name="testShuffleDeckPreservesDeckSize" classname="MyTest" time="0"/>
  <testcase name="testEvaluateBankerDrawShouldNotDraw" classname="MyTest" time="0.001"/>
  <testcase name="testWhoWonBankerWins" classname="MyTest" time="0"/>
  <testcase name="generateDeckTestMultiple" classname="MyTest" time="0"/>
  <testcase name="drawOneNoCardsLeftTest" classname="MyTest" time="0.001"/>
  <testcase name="testHandTotalWithFaceCards" classname="MyTest" time="0"/>
  <testcase name="testDeckSize" classname="MyTest" time="0"/>
  <testcase name="testShuffleDeckChangesOrder" classname="MyTest" time="0"/>
  <testcase name="testWhoWonPlayerWins" classname="MyTest" time="0"/>
  <testcase name="testEvaluateWinningsNoWin" classname="MyTest" time="0"/>
  <testcase name="dealerHandTest" classname="MyTest" time="0"/>
  <testcase name="testEvaluatePlayerDrawShouldDraw" classname="MyTest" time="0"/>
  <testcase name="drawOneTest" classname="MyTest" time="0"/>
</testsuite>